[2019-03-04 11:32:43] [info]  [ 6820] Commons Daemon procrun (1.1.0.0 64-bit) started
[2019-03-04 11:32:43] [info]  [ 6820] Service Tomcat7 name Apache Tomcat 7.0 Tomcat7
[2019-03-04 11:32:43] [info]  [ 6820] Service 'Tomcat7' installed
[2019-03-04 11:32:43] [info]  [ 6820] Commons Daemon procrun finished
[2019-03-04 11:32:43] [info]  [  340] Commons Daemon procrun (1.1.0.0 64-bit) started
[2019-03-04 11:32:43] [info]  [  340] Updating service...
[2019-03-04 11:32:43] [info]  [  340] Service 'Tomcat7' updated
[2019-03-04 11:32:43] [info]  [  340] Update service finished.
[2019-03-04 11:32:43] [info]  [  340] Commons Daemon procrun finished
[2019-03-04 11:32:43] [info]  [ 6492] Commons Daemon procrun (1.1.0.0 64-bit) started
[2019-03-04 11:32:43] [info]  [ 6492] Updating service...
[2019-03-04 11:32:43] [info]  [ 6492] Service 'Tomcat7' updated
[2019-03-04 11:32:43] [info]  [ 6492] Update service finished.
[2019-03-04 11:32:43] [info]  [ 6492] Commons Daemon procrun finished
[2019-03-04 11:32:43] [info]  [ 6060] Commons Daemon procrun (1.1.0.0 64-bit) started
[2019-03-04 11:32:43] [info]  [ 6060] Updating service...
[2019-03-04 11:32:43] [info]  [ 6060] Service 'Tomcat7' updated
[2019-03-04 11:32:43] [info]  [ 6060] Update service finished.
[2019-03-04 11:32:43] [info]  [ 6060] Commons Daemon procrun finished
[2019-03-04 11:32:44] [info]  [ 6532] Commons Daemon procrun (1.1.0.0 64-bit) started
[2019-03-04 11:32:44] [info]  [ 6532] Updating service...
[2019-03-04 11:32:44] [info]  [ 6532] Service 'Tomcat7' updated
[2019-03-04 11:32:44] [info]  [ 6532] Update service finished.
[2019-03-04 11:32:44] [info]  [ 6532] Commons Daemon procrun finished
[2019-03-04 11:32:45] [info]  [ 6216] Commons Daemon procrun (1.1.0.0 64-bit) started
[2019-03-04 11:32:46] [info]  [ 6216] Running 'Tomcat7' Service...
[2019-03-04 11:32:46] [info]  [ 4744] Starting service...
[2019-03-04 11:32:47] [info]  [ 4744] Service started in 1456 ms.
[2019-03-04 11:39:21] [info]  [ 3388] Commons Daemon procrun (1.1.0.0 64-bit) started
[2019-03-04 11:39:21] [info]  [ 3388] Debugging 'Tomcat7' service...
[2019-03-04 11:39:21] [info]  [ 3388] Starting service...
[2019-03-04 11:39:22] [info]  [ 3388] Service started in 1159 ms.
[2019-03-04 11:39:23] [info]  [ 3388] Debug service finished with exit code 0
[2019-03-04 11:39:23] [info]  [ 3388] Commons Daemon procrun finished
[2019-03-04 11:42:31] [info]  [ 6368] Stopping service...
[2019-03-04 11:42:32] [info]  [ 6368] Service stop thread completed.
[2019-03-04 11:42:32] [info]  [ 6216] Run service finished.
[2019-03-04 11:42:32] [info]  [ 6216] Commons Daemon procrun finished
[2019-03-04 11:42:43] [info]  [ 6972] Commons Daemon procrun (1.1.0.0 64-bit) started
[2019-03-04 11:42:43] [info]  [ 6972] Running 'Tomcat7' Service...
[2019-03-04 11:42:43] [info]  [ 7156] Starting service...
[2019-03-04 11:42:45] [info]  [ 7156] Service started in 1167 ms.
[2019-03-04 11:50:48] [info]  [ 6424] Stopping service...
[2019-03-04 11:50:49] [info]  [ 6424] Service stop thread completed.
[2019-03-04 11:50:49] [info]  [ 6972] Run service finished.
[2019-03-04 11:50:49] [info]  [ 6972] Commons Daemon procrun finished
[2019-03-04 11:51:03] [info]  [ 2296] Commons Daemon procrun (1.1.0.0 64-bit) started
[2019-03-04 11:51:03] [info]  [ 2296] Running 'Tomcat7' Service...
[2019-03-04 11:51:03] [info]  [ 6048] Starting service...
[2019-03-04 11:51:04] [info]  [ 6048] Service started in 1161 ms.
[2019-03-04 15:11:50] [info]  [ 1392] Stopping service...
[2019-03-04 15:11:51] [info]  [ 1392] Service stop thread completed.
[2019-03-04 15:11:51] [info]  [ 2296] Run service finished.
[2019-03-04 15:11:51] [info]  [ 2296] Commons Daemon procrun finished
[2019-03-04 15:12:12] [info]  [ 8076] Commons Daemon procrun (1.1.0.0 64-bit) started
[2019-03-04 15:12:12] [info]  [ 8076] Running 'Tomcat7' Service...
[2019-03-04 15:12:12] [info]  [ 7552] Starting service...
[2019-03-04 15:12:13] [info]  [ 7552] Service started in 1134 ms.
[2019-03-04 15:12:14] [info]  [ 8076] Run service finished.
[2019-03-04 15:12:14] [info]  [ 8076] Commons Daemon procrun finished
[2019-03-04 15:37:29] [info]  [ 8108] Commons Daemon procrun (1.1.0.0 64-bit) started
[2019-03-04 15:37:29] [info]  [ 8108] Running 'Tomcat7' Service...
[2019-03-04 15:37:29] [info]  [ 4080] Starting service...
[2019-03-04 15:37:30] [info]  [ 4080] Service started in 1155 ms.
[2019-03-04 15:37:31] [info]  [ 8108] Run service finished.
[2019-03-04 15:37:31] [info]  [ 8108] Commons Daemon procrun finished
[2019-03-04 15:37:43] [info]  [ 5956] Commons Daemon procrun (1.1.0.0 64-bit) started
[2019-03-04 15:37:43] [info]  [ 5956] Running 'Tomcat7' Service...
[2019-03-04 15:37:43] [info]  [ 3628] Starting service...
[2019-03-04 15:37:45] [info]  [ 3628] Service started in 1177 ms.
[2019-03-04 15:37:45] [info]  [ 5956] Run service finished.
[2019-03-04 15:37:45] [info]  [ 5956] Commons Daemon procrun finished
[2019-03-04 15:40:14] [info]  [ 6340] Commons Daemon procrun (1.1.0.0 64-bit) started
[2019-03-04 15:40:14] [info]  [ 6340] Running 'Tomcat7' Service...
[2019-03-04 15:40:14] [info]  [ 8008] Starting service...
[2019-03-04 15:40:15] [info]  [ 8008] Service started in 1130 ms.
[2019-03-04 15:45:20] [info]  [ 3808] Stopping service...
[2019-03-04 15:45:21] [info]  [ 3808] Service stop thread completed.
[2019-03-04 15:45:21] [info]  [ 6340] Run service finished.
[2019-03-04 15:45:21] [info]  [ 6340] Commons Daemon procrun finished
[2019-03-04 15:45:32] [info]  [ 7816] Commons Daemon procrun (1.1.0.0 64-bit) started
[2019-03-04 15:45:32] [info]  [ 7816] Running 'Tomcat7' Service...
[2019-03-04 15:45:32] [info]  [ 7904] Starting service...
[2019-03-04 15:45:33] [info]  [ 7904] Service started in 1179 ms.
